<?xml version="1.0" encoding="UTF-8"?>
<!-- Generated by org.testng.reporters.JUnitXMLReporter -->
<testsuite hostname="WKWIN9628971" ignored="0" name="API Test Cases" tests="1" failures="1" timestamp="01 Jun 2023 09:52:25 GMT" time="3.361" errors="0">
  <testcase name="jiraTest" time="3.317" classname="api.JiraTest">
    <failure type="com.fasterxml.jackson.databind.exc.UnrecognizedPropertyException" message="Unrecognized field &amp;quot;errorMessages&amp;quot; (class api.pojo.AddTicketResponse), not marked as ignorable (3 known properties: &amp;quot;id&amp;quot;, &amp;quot;self&amp;quot;, &amp;quot;key&amp;quot;])
 at [Source: (String)&amp;quot;{&amp;quot;errorMessages&amp;quot;:[&amp;quot;You will not be able to create new issues until you renew your license, please contact your Jira administrators.&amp;quot;],&amp;quot;errors&amp;quot;:{}}&amp;quot;; line: 1, column: 19] (through reference chain: api.pojo.AddTicketResponse[&amp;quot;errorMessages&amp;quot;])">
      <![CDATA[com.fasterxml.jackson.databind.exc.UnrecognizedPropertyException: Unrecognized field "errorMessages" (class api.pojo.AddTicketResponse), not marked as ignorable (3 known properties: "id", "self", "key"])
 at [Source: (String)"{"errorMessages":["You will not be able to create new issues until you renew your license, please contact your Jira administrators."],"errors":{}}"; line: 1, column: 19] (through reference chain: api.pojo.AddTicketResponse["errorMessages"])
	at com.fasterxml.jackson.databind.exc.UnrecognizedPropertyException.from(UnrecognizedPropertyException.java:61)
	at com.fasterxml.jackson.databind.DeserializationContext.handleUnknownProperty(DeserializationContext.java:1132)
	at com.fasterxml.jackson.databind.deser.std.StdDeserializer.handleUnknownProperty(StdDeserializer.java:2202)
	at com.fasterxml.jackson.databind.deser.BeanDeserializerBase.handleUnknownProperty(BeanDeserializerBase.java:1705)
	at com.fasterxml.jackson.databind.deser.BeanDeserializerBase.handleUnknownVanilla(BeanDeserializerBase.java:1683)
	at com.fasterxml.jackson.databind.deser.BeanDeserializer.vanillaDeserialize(BeanDeserializer.java:320)
	at com.fasterxml.jackson.databind.deser.BeanDeserializer.deserialize(BeanDeserializer.java:177)
	at com.fasterxml.jackson.databind.deser.DefaultDeserializationContext.readRootValue(DefaultDeserializationContext.java:323)
	at com.fasterxml.jackson.databind.ObjectMapper._readMapAndClose(ObjectMapper.java:4730)
	at com.fasterxml.jackson.databind.ObjectMapper.readValue(ObjectMapper.java:3677)
	at com.fasterxml.jackson.databind.ObjectMapper$readValue$1.call(Unknown Source)
	at io.restassured.internal.path.json.mapping.JsonPathJackson2ObjectDeserializer.deserialize(JsonPathJackson2ObjectDeserializer.groovy:46)
	at io.restassured.path.json.mapping.JsonPathObjectDeserializer$deserialize.call(Unknown Source)
	at io.restassured.internal.mapping.Jackson2Mapper.deserialize(Jackson2Mapper.groovy:58)
	at io.restassured.mapper.ObjectMapper$deserialize$0.call(Unknown Source)
	at io.restassured.internal.mapping.ObjectMapping.parseWithJackson2(ObjectMapping.groovy:238)
	at io.restassured.internal.mapping.ObjectMapping$parseWithJackson2$1.callStatic(Unknown Source)
	at io.restassured.internal.mapping.ObjectMapping.deserialize(ObjectMapping.groovy:59)
	at io.restassured.internal.mapping.ObjectMapping$deserialize$0.call(Unknown Source)
	at io.restassured.internal.RestAssuredResponseOptionsGroovyImpl.as(RestAssuredResponseOptionsGroovyImpl.groovy:231)
	at io.restassured.internal.RestAssuredResponseOptionsImpl.as(RestAssuredResponseOptionsImpl.java:169)
	at api.jiraApiMethod.JiraAPIPage.addTicket(JiraAPIPage.java:48)
	at api.JiraTest.jiraTest(JiraTest.java:24)
... Removed 29 stack frames]]>
    </failure>
  </testcase> <!-- jiraTest -->
</testsuite> <!-- API Test Cases -->
